app/build/intermediates/manifest_merge_blame_file/devDebug/manifest-merger-blame-dev-debug-report.txt
1<?xml version="1.0" encoding="utf-8"?>
2<manifest xmlns:android="http://schemas.android.com/apk/res/android"
3    package="com.delivero.customer"
4    android:versionCode="1"
5    android:versionName="1.0-canary1" >
6
7    <uses-sdk
8        android:minSdkVersion="23"
9        android:targetSdkVersion="34" />
10
11    <uses-permission android:name="android.permission.ACCESS_FINE_LOCATION" />
11-->src/main/AndroidManifest.xml:4:5-78
11-->src/main/AndroidManifest.xml:4:22-76
12    <uses-permission android:name="android.permission.ACCESS_COARSE_LOCATION" />
12-->src/main/AndroidManifest.xml:5:5-80
12-->src/main/AndroidManifest.xml:5:22-78
13    <uses-permission android:name="android.permission.FOREGROUND_SERVICE_LOCATION" />
13-->src/main/AndroidManifest.xml:6:5-85
13-->src/main/AndroidManifest.xml:6:22-83
14    <uses-permission android:name="android.permission.FOREGROUND_SERVICE_REMOTE_MESSAGING" />
14-->src/main/AndroidManifest.xml:7:5-93
14-->src/main/AndroidManifest.xml:7:22-91
15    <uses-permission android:name="android.permission.READ_MEDIA_IMAGES" />
15-->[com.github.nguyenhoanglam:ImagePicker:1.6.3] AndroidManifest.xml:8:5-76
15-->[com.github.nguyenhoanglam:ImagePicker:1.6.3] AndroidManifest.xml:8:22-73
16    <uses-permission
16-->[com.github.nguyenhoanglam:ImagePicker:1.6.3] AndroidManifest.xml:9:5-11:38
17        android:name="android.permission.READ_EXTERNAL_STORAGE"
17-->[com.github.nguyenhoanglam:ImagePicker:1.6.3] AndroidManifest.xml:10:9-64
18        android:maxSdkVersion="32" />
18-->[com.github.nguyenhoanglam:ImagePicker:1.6.3] AndroidManifest.xml:11:9-35
19    <uses-permission
19-->[com.github.nguyenhoanglam:ImagePicker:1.6.3] AndroidManifest.xml:12:5-14:38
20        android:name="android.permission.WRITE_EXTERNAL_STORAGE"
20-->[com.github.nguyenhoanglam:ImagePicker:1.6.3] AndroidManifest.xml:13:9-65
21        android:maxSdkVersion="28" />
21-->[com.github.nguyenhoanglam:ImagePicker:1.6.3] AndroidManifest.xml:14:9-35
22
23    <queries>
23-->[com.github.nguyenhoanglam:ImagePicker:1.6.3] AndroidManifest.xml:16:5-20:15
24        <intent>
24-->[com.github.nguyenhoanglam:ImagePicker:1.6.3] AndroidManifest.xml:17:9-19:18
25            <action android:name="android.media.action.IMAGE_CAPTURE" />
25-->[com.github.nguyenhoanglam:ImagePicker:1.6.3] AndroidManifest.xml:18:13-73
25-->[com.github.nguyenhoanglam:ImagePicker:1.6.3] AndroidManifest.xml:18:21-70
26        </intent>
27        <intent>
27-->[com.google.firebase:firebase-inappmessaging-display:20.4.0] AndroidManifest.xml:11:9-15:18
28            <action android:name="android.intent.action.VIEW" />
28-->[com.google.firebase:firebase-inappmessaging-display:20.4.0] AndroidManifest.xml:12:13-65
28-->[com.google.firebase:firebase-inappmessaging-display:20.4.0] AndroidManifest.xml:12:21-62
29
30            <data android:scheme="https" />
30-->[com.google.firebase:firebase-inappmessaging-display:20.4.0] AndroidManifest.xml:14:13-44
30-->[com.google.firebase:firebase-inappmessaging-display:20.4.0] AndroidManifest.xml:14:19-41
31        </intent>
32    </queries>
33
34    <uses-permission android:name="android.permission.ACCESS_NETWORK_STATE" />
34-->[com.google.firebase:firebase-inappmessaging-display:20.4.0] AndroidManifest.xml:7:5-79
34-->[com.google.firebase:firebase-inappmessaging-display:20.4.0] AndroidManifest.xml:7:22-76
35    <uses-permission android:name="android.permission.INTERNET" />
35-->[com.google.firebase:firebase-inappmessaging-display:20.4.0] AndroidManifest.xml:8:5-67
35-->[com.google.firebase:firebase-inappmessaging-display:20.4.0] AndroidManifest.xml:8:22-64
36    <uses-permission android:name="android.permission.ACCESS_WIFI_STATE" />
36-->[com.google.android.libraries.places:places:3.3.0] AndroidManifest.xml:11:5-76
36-->[com.google.android.libraries.places:places:3.3.0] AndroidManifest.xml:11:22-73
37    <uses-permission android:name="android.permission.POST_NOTIFICATIONS" />
37-->[com.google.firebase:firebase-messaging:23.4.0] AndroidManifest.xml:23:5-77
37-->[com.google.firebase:firebase-messaging:23.4.0] AndroidManifest.xml:23:22-74
38    <uses-permission android:name="android.permission.WAKE_LOCK" /> <!-- Required by older versions of Google Play services to create IID tokens -->
38-->[com.google.firebase:firebase-messaging:23.4.0] AndroidManifest.xml:24:5-68
38-->[com.google.firebase:firebase-messaging:23.4.0] AndroidManifest.xml:24:22-65
39    <uses-permission android:name="com.google.android.c2dm.permission.RECEIVE" />
39-->[com.google.firebase:firebase-messaging:23.4.0] AndroidManifest.xml:26:5-82
39-->[com.google.firebase:firebase-messaging:23.4.0] AndroidManifest.xml:26:22-79
40    <uses-permission android:name="com.google.android.gms.permission.AD_ID" />
40-->[com.google.android.gms:play-services-measurement-api:21.5.0] AndroidManifest.xml:25:5-79
40-->[com.google.android.gms:play-services-measurement-api:21.5.0] AndroidManifest.xml:25:22-76
41    <uses-permission android:name="android.permission.ACCESS_ADSERVICES_ATTRIBUTION" />
41-->[com.google.android.gms:play-services-measurement-api:21.5.0] AndroidManifest.xml:26:5-88
41-->[com.google.android.gms:play-services-measurement-api:21.5.0] AndroidManifest.xml:26:22-85
42    <uses-permission android:name="android.permission.ACCESS_ADSERVICES_AD_ID" />
42-->[com.google.android.gms:play-services-measurement-api:21.5.0] AndroidManifest.xml:27:5-82
42-->[com.google.android.gms:play-services-measurement-api:21.5.0] AndroidManifest.xml:27:22-79
43
44    <uses-feature
44-->[com.google.android.gms:play-services-maps:17.0.0] AndroidManifest.xml:26:5-28:35
45        android:glEsVersion="0x00020000"
45-->[com.google.android.gms:play-services-maps:17.0.0] AndroidManifest.xml:27:9-41
46        android:required="true" />
46-->[com.google.android.gms:play-services-maps:17.0.0] AndroidManifest.xml:28:9-32
47
48    <uses-permission android:name="com.google.android.finsky.permission.BIND_GET_INSTALL_REFERRER_SERVICE" />
48-->[com.google.android.gms:play-services-measurement:21.5.0] AndroidManifest.xml:26:5-110
48-->[com.google.android.gms:play-services-measurement:21.5.0] AndroidManifest.xml:26:22-107
49    <uses-permission android:name="com.google.android.providers.gsf.permission.READ_GSERVICES" />
49-->[com.google.android.recaptcha:recaptcha:18.4.0] AndroidManifest.xml:9:5-98
49-->[com.google.android.recaptcha:recaptcha:18.4.0] AndroidManifest.xml:9:22-95
50
51    <permission
51-->[androidx.core:core:1.12.0] AndroidManifest.xml:22:5-24:47
52        android:name="com.delivero.customer.DYNAMIC_RECEIVER_NOT_EXPORTED_PERMISSION"
52-->[androidx.core:core:1.12.0] AndroidManifest.xml:23:9-81
53        android:protectionLevel="signature" />
53-->[androidx.core:core:1.12.0] AndroidManifest.xml:24:9-44
54
55    <uses-permission android:name="com.delivero.customer.DYNAMIC_RECEIVER_NOT_EXPORTED_PERMISSION" />
55-->[androidx.core:core:1.12.0] AndroidManifest.xml:26:5-97
55-->[androidx.core:core:1.12.0] AndroidManifest.xml:26:22-94
56
57    <application
57-->src/main/AndroidManifest.xml:10:5-41:19
58        android:name="com.delivero.customer.Delivero"
58-->src/main/AndroidManifest.xml:19:9-33
59        android:allowBackup="true"
59-->src/main/AndroidManifest.xml:11:9-35
60        android:appComponentFactory="androidx.core.app.CoreComponentFactory"
60-->[androidx.core:core:1.12.0] AndroidManifest.xml:28:18-86
61        android:dataExtractionRules="@xml/data_extraction_rules"
61-->src/main/AndroidManifest.xml:12:9-65
62        android:debuggable="true"
63        android:enableOnBackInvokedCallback="true"
63-->[com.github.nguyenhoanglam:ImagePicker:1.6.3] AndroidManifest.xml:23:9-51
64        android:extractNativeLibs="false"
65        android:fullBackupContent="@xml/backup_rules"
65-->src/main/AndroidManifest.xml:13:9-54
66        android:icon="@mipmap/ic_launcher"
66-->src/main/AndroidManifest.xml:14:9-43
67        android:label="@string/app_name"
67-->src/main/AndroidManifest.xml:15:9-41
68        android:roundIcon="@mipmap/ic_launcher_round"
68-->src/main/AndroidManifest.xml:16:9-54
69        android:supportsRtl="true"
69-->src/main/AndroidManifest.xml:17:9-35
70        android:testOnly="true"
71        android:theme="@style/Theme.App.Starting" >
71-->src/main/AndroidManifest.xml:18:9-50
72        <activity
72-->src/main/AndroidManifest.xml:21:9-24:52
73            android:name="com.delivero.customer.MainActivity"
73-->src/main/AndroidManifest.xml:22:13-41
74            android:exported="false"
74-->src/main/AndroidManifest.xml:23:13-37
75            android:theme="@style/Theme.Delivero" />
75-->src/main/AndroidManifest.xml:24:13-50
76        <activity
76-->src/main/AndroidManifest.xml:25:9-34:20
77            android:name="com.delivero.customer.auth.AuthActivity"
77-->src/main/AndroidManifest.xml:26:13-46
78            android:exported="true"
78-->src/main/AndroidManifest.xml:28:13-36
79            android:theme="@style/Theme.Delivero.NoActionBar" >
79-->src/main/AndroidManifest.xml:27:13-62
80            <intent-filter>
80-->src/main/AndroidManifest.xml:29:13-33:29
81                <action android:name="android.intent.action.MAIN" />
81-->src/main/AndroidManifest.xml:30:17-69
81-->src/main/AndroidManifest.xml:30:25-66
82
83                <category android:name="android.intent.category.LAUNCHER" />
83-->src/main/AndroidManifest.xml:32:17-77
83-->src/main/AndroidManifest.xml:32:27-74
84            </intent-filter>
85        </activity>
86
87        <meta-data
88            android:name="com.google.android.geo.API_KEY"
88-->src/main/AndroidManifest.xml:36:13-58
89            android:value="AIzaSyBmZpA3vLyec3KFE98WW-QGZTZXV3662T0" />
89-->src/main/AndroidManifest.xml:37:13-46
90
91        <service
91-->src/main/AndroidManifest.xml:38:9-40:39
92            android:name="com.delivero.customer.service.MyLocationService"
92-->src/main/AndroidManifest.xml:38:18-59
93            android:exported="false"
93-->src/main/AndroidManifest.xml:40:13-37
94            android:foregroundServiceType="location" />
94-->src/main/AndroidManifest.xml:39:13-53
95
96        <activity
96-->[com.github.nguyenhoanglam:ImagePicker:1.6.3] AndroidManifest.xml:25:9-29:67
97            android:name="com.nguyenhoanglam.imagepicker.ui.imagepicker.ImagePickerActivity"
97-->[com.github.nguyenhoanglam:ImagePicker:1.6.3] AndroidManifest.xml:26:13-93
98            android:configChanges="orientation|screenSize"
98-->[com.github.nguyenhoanglam:ImagePicker:1.6.3] AndroidManifest.xml:27:13-59
99            android:exported="true"
99-->[com.github.nguyenhoanglam:ImagePicker:1.6.3] AndroidManifest.xml:28:13-36
100            android:theme="@style/imagepicker_ImagePickerTheme" />
100-->[com.github.nguyenhoanglam:ImagePicker:1.6.3] AndroidManifest.xml:29:13-64
101        <activity
101-->[com.github.nguyenhoanglam:ImagePicker:1.6.3] AndroidManifest.xml:30:9-34:62
102            android:name="com.nguyenhoanglam.imagepicker.ui.camera.CameraActivity"
102-->[com.github.nguyenhoanglam:ImagePicker:1.6.3] AndroidManifest.xml:31:13-83
103            android:exported="true"
103-->[com.github.nguyenhoanglam:ImagePicker:1.6.3] AndroidManifest.xml:32:13-36
104            android:screenOrientation="unspecified"
104-->[com.github.nguyenhoanglam:ImagePicker:1.6.3] AndroidManifest.xml:33:13-52
105            android:theme="@style/imagepicker_CameraTheme" />
105-->[com.github.nguyenhoanglam:ImagePicker:1.6.3] AndroidManifest.xml:34:13-59
106
107        <provider
107-->[com.github.nguyenhoanglam:ImagePicker:1.6.3] AndroidManifest.xml:36:9-44:20
108            android:name="androidx.core.content.FileProvider"
108-->[com.github.nguyenhoanglam:ImagePicker:1.6.3] AndroidManifest.xml:37:13-62
109            android:authorities="com.delivero.customer.fileprovider"
109-->[com.github.nguyenhoanglam:ImagePicker:1.6.3] AndroidManifest.xml:38:13-64
110            android:exported="false"
110-->[com.github.nguyenhoanglam:ImagePicker:1.6.3] AndroidManifest.xml:39:13-37
111            android:grantUriPermissions="true" >
111-->[com.github.nguyenhoanglam:ImagePicker:1.6.3] AndroidManifest.xml:40:13-47
112            <meta-data
112-->[com.github.nguyenhoanglam:ImagePicker:1.6.3] AndroidManifest.xml:41:13-43:66
113                android:name="android.support.FILE_PROVIDER_PATHS"
113-->[com.github.nguyenhoanglam:ImagePicker:1.6.3] AndroidManifest.xml:42:17-67
114                android:resource="@xml/imagepicker_file_paths" />
114-->[com.github.nguyenhoanglam:ImagePicker:1.6.3] AndroidManifest.xml:43:17-63
115        </provider>
116
117        <service
117-->[com.google.firebase:firebase-inappmessaging-display:20.4.0] AndroidManifest.xml:19:9-28:19
118            android:name="com.google.firebase.components.ComponentDiscoveryService"
118-->[com.google.firebase:firebase-inappmessaging-display:20.4.0] AndroidManifest.xml:20:13-84
119            android:directBootAware="true"
119-->[com.google.firebase:firebase-common:20.4.2] AndroidManifest.xml:32:13-43
120            android:exported="false" >
120-->[com.google.firebase:firebase-inappmessaging-display:20.4.0] AndroidManifest.xml:21:13-37
121            <meta-data
121-->[com.google.firebase:firebase-inappmessaging-display:20.4.0] AndroidManifest.xml:22:13-24:85
122                android:name="com.google.firebase.components:com.google.firebase.inappmessaging.display.FirebaseInAppMessagingDisplayKtxRegistrar"
122-->[com.google.firebase:firebase-inappmessaging-display:20.4.0] AndroidManifest.xml:23:17-147
123                android:value="com.google.firebase.components.ComponentRegistrar" />
123-->[com.google.firebase:firebase-inappmessaging-display:20.4.0] AndroidManifest.xml:24:17-82
124            <meta-data
124-->[com.google.firebase:firebase-inappmessaging-display:20.4.0] AndroidManifest.xml:25:13-27:85
125                android:name="com.google.firebase.components:com.google.firebase.inappmessaging.display.FirebaseInAppMessagingDisplayRegistrar"
125-->[com.google.firebase:firebase-inappmessaging-display:20.4.0] AndroidManifest.xml:26:17-144
126                android:value="com.google.firebase.components.ComponentRegistrar" />
126-->[com.google.firebase:firebase-inappmessaging-display:20.4.0] AndroidManifest.xml:27:17-82
127            <meta-data
127-->[com.google.firebase:firebase-auth:22.3.1] AndroidManifest.xml:69:13-71:85
128                android:name="com.google.firebase.components:com.google.firebase.auth.FirebaseAuthRegistrar"
128-->[com.google.firebase:firebase-auth:22.3.1] AndroidManifest.xml:70:17-109
129                android:value="com.google.firebase.components.ComponentRegistrar" />
129-->[com.google.firebase:firebase-auth:22.3.1] AndroidManifest.xml:71:17-82
130            <meta-data
130-->[com.google.firebase:firebase-firestore:24.10.1] AndroidManifest.xml:17:13-19:85
131                android:name="com.google.firebase.components:com.google.firebase.firestore.FirebaseFirestoreKtxRegistrar"
131-->[com.google.firebase:firebase-firestore:24.10.1] AndroidManifest.xml:18:17-122
132                android:value="com.google.firebase.components.ComponentRegistrar" />
132-->[com.google.firebase:firebase-firestore:24.10.1] AndroidManifest.xml:19:17-82
133            <meta-data
133-->[com.google.firebase:firebase-firestore:24.10.1] AndroidManifest.xml:20:13-22:85
134                android:name="com.google.firebase.components:com.google.firebase.firestore.FirestoreRegistrar"
134-->[com.google.firebase:firebase-firestore:24.10.1] AndroidManifest.xml:21:17-111
135                android:value="com.google.firebase.components.ComponentRegistrar" />
135-->[com.google.firebase:firebase-firestore:24.10.1] AndroidManifest.xml:22:17-82
136            <meta-data
136-->[com.google.firebase:firebase-messaging:23.4.0] AndroidManifest.xml:57:13-59:85
137                android:name="com.google.firebase.components:com.google.firebase.messaging.FirebaseMessagingKtxRegistrar"
137-->[com.google.firebase:firebase-messaging:23.4.0] AndroidManifest.xml:58:17-122
138                android:value="com.google.firebase.components.ComponentRegistrar" />
138-->[com.google.firebase:firebase-messaging:23.4.0] AndroidManifest.xml:59:17-82
139            <meta-data
139-->[com.google.firebase:firebase-messaging:23.4.0] AndroidManifest.xml:60:13-62:85
140                android:name="com.google.firebase.components:com.google.firebase.messaging.FirebaseMessagingRegistrar"
140-->[com.google.firebase:firebase-messaging:23.4.0] AndroidManifest.xml:61:17-119
141                android:value="com.google.firebase.components.ComponentRegistrar" />
141-->[com.google.firebase:firebase-messaging:23.4.0] AndroidManifest.xml:62:17-82
142            <meta-data
142-->[com.google.firebase:firebase-database:20.3.0] AndroidManifest.xml:29:13-31:85
143                android:name="com.google.firebase.components:com.google.firebase.database.FirebaseDatabaseKtxRegistrar"
143-->[com.google.firebase:firebase-database:20.3.0] AndroidManifest.xml:30:17-120
144                android:value="com.google.firebase.components.ComponentRegistrar" />
144-->[com.google.firebase:firebase-database:20.3.0] AndroidManifest.xml:31:17-82
145            <meta-data
145-->[com.google.firebase:firebase-database:20.3.0] AndroidManifest.xml:32:13-34:85
146                android:name="com.google.firebase.components:com.google.firebase.database.DatabaseRegistrar"
146-->[com.google.firebase:firebase-database:20.3.0] AndroidManifest.xml:33:17-109
147                android:value="com.google.firebase.components.ComponentRegistrar" />
147-->[com.google.firebase:firebase-database:20.3.0] AndroidManifest.xml:34:17-82
148            <meta-data
148-->[com.google.firebase:firebase-config-ktx:21.6.0] AndroidManifest.xml:12:13-14:85
149                android:name="com.google.firebase.components:com.google.firebase.remoteconfig.ktx.FirebaseConfigLegacyRegistrar"
149-->[com.google.firebase:firebase-config-ktx:21.6.0] AndroidManifest.xml:13:17-129
150                android:value="com.google.firebase.components.ComponentRegistrar" />
150-->[com.google.firebase:firebase-config-ktx:21.6.0] AndroidManifest.xml:14:17-82
151            <meta-data
151-->[com.google.firebase:firebase-config:21.6.0] AndroidManifest.xml:29:13-31:85
152                android:name="com.google.firebase.components:com.google.firebase.remoteconfig.FirebaseRemoteConfigKtxRegistrar"
152-->[com.google.firebase:firebase-config:21.6.0] AndroidManifest.xml:30:17-128
153                android:value="com.google.firebase.components.ComponentRegistrar" />
153-->[com.google.firebase:firebase-config:21.6.0] AndroidManifest.xml:31:17-82
154            <meta-data
154-->[com.google.firebase:firebase-config:21.6.0] AndroidManifest.xml:32:13-34:85
155                android:name="com.google.firebase.components:com.google.firebase.remoteconfig.RemoteConfigRegistrar"
155-->[com.google.firebase:firebase-config:21.6.0] AndroidManifest.xml:33:17-117
156                android:value="com.google.firebase.components.ComponentRegistrar" />
156-->[com.google.firebase:firebase-config:21.6.0] AndroidManifest.xml:34:17-82
157            <meta-data
157-->[com.google.firebase:firebase-inappmessaging:20.4.0] AndroidManifest.xml:14:13-16:85
158                android:name="com.google.firebase.components:com.google.firebase.inappmessaging.FirebaseInAppMessagingKtxRegistrar"
158-->[com.google.firebase:firebase-inappmessaging:20.4.0] AndroidManifest.xml:15:17-132
159                android:value="com.google.firebase.components.ComponentRegistrar" />
159-->[com.google.firebase:firebase-inappmessaging:20.4.0] AndroidManifest.xml:16:17-82
160            <meta-data
160-->[com.google.firebase:firebase-inappmessaging:20.4.0] AndroidManifest.xml:17:13-19:85
161                android:name="com.google.firebase.components:com.google.firebase.inappmessaging.FirebaseInAppMessagingRegistrar"
161-->[com.google.firebase:firebase-inappmessaging:20.4.0] AndroidManifest.xml:18:17-129
162                android:value="com.google.firebase.components.ComponentRegistrar" />
162-->[com.google.firebase:firebase-inappmessaging:20.4.0] AndroidManifest.xml:19:17-82
163            <meta-data
163-->[com.google.firebase:firebase-abt:21.1.1] AndroidManifest.xml:12:13-14:85
164                android:name="com.google.firebase.components:com.google.firebase.abt.component.AbtRegistrar"
164-->[com.google.firebase:firebase-abt:21.1.1] AndroidManifest.xml:13:17-109
165                android:value="com.google.firebase.components.ComponentRegistrar" />
165-->[com.google.firebase:firebase-abt:21.1.1] AndroidManifest.xml:14:17-82
166            <meta-data
166-->[com.google.firebase:firebase-storage:20.3.0] AndroidManifest.xml:30:13-32:85
167                android:name="com.google.firebase.components:com.google.firebase.storage.FirebaseStorageKtxRegistrar"
167-->[com.google.firebase:firebase-storage:20.3.0] AndroidManifest.xml:31:17-118
168                android:value="com.google.firebase.components.ComponentRegistrar" />
168-->[com.google.firebase:firebase-storage:20.3.0] AndroidManifest.xml:32:17-82
169            <meta-data
169-->[com.google.firebase:firebase-storage:20.3.0] AndroidManifest.xml:33:13-35:85
170                android:name="com.google.firebase.components:com.google.firebase.storage.StorageRegistrar"
170-->[com.google.firebase:firebase-storage:20.3.0] AndroidManifest.xml:34:17-107
171                android:value="com.google.firebase.components.ComponentRegistrar" />
171-->[com.google.firebase:firebase-storage:20.3.0] AndroidManifest.xml:35:17-82
172            <meta-data
172-->[com.google.android.gms:play-services-measurement-api:21.5.0] AndroidManifest.xml:37:13-39:85
173                android:name="com.google.firebase.components:com.google.firebase.analytics.connector.internal.AnalyticsConnectorRegistrar"
173-->[com.google.android.gms:play-services-measurement-api:21.5.0] AndroidManifest.xml:38:17-139
174                android:value="com.google.firebase.components.ComponentRegistrar" />
174-->[com.google.android.gms:play-services-measurement-api:21.5.0] AndroidManifest.xml:39:17-82
175            <meta-data
175-->[com.google.firebase:firebase-installations:17.2.0] AndroidManifest.xml:15:13-17:85
176                android:name="com.google.firebase.components:com.google.firebase.installations.FirebaseInstallationsKtxRegistrar"
176-->[com.google.firebase:firebase-installations:17.2.0] AndroidManifest.xml:16:17-130
177                android:value="com.google.firebase.components.ComponentRegistrar" />
177-->[com.google.firebase:firebase-installations:17.2.0] AndroidManifest.xml:17:17-82
178            <meta-data
178-->[com.google.firebase:firebase-installations:17.2.0] AndroidManifest.xml:18:13-20:85
179                android:name="com.google.firebase.components:com.google.firebase.installations.FirebaseInstallationsRegistrar"
179-->[com.google.firebase:firebase-installations:17.2.0] AndroidManifest.xml:19:17-127
180                android:value="com.google.firebase.components.ComponentRegistrar" />
180-->[com.google.firebase:firebase-installations:17.2.0] AndroidManifest.xml:20:17-82
181            <meta-data
181-->[com.google.firebase:firebase-appcheck:17.1.1] AndroidManifest.xml:25:13-27:85
182                android:name="com.google.firebase.components:com.google.firebase.appcheck.FirebaseAppCheckKtxRegistrar"
182-->[com.google.firebase:firebase-appcheck:17.1.1] AndroidManifest.xml:26:17-120
183                android:value="com.google.firebase.components.ComponentRegistrar" />
183-->[com.google.firebase:firebase-appcheck:17.1.1] AndroidManifest.xml:27:17-82
184            <meta-data
184-->[com.google.firebase:firebase-appcheck:17.1.1] AndroidManifest.xml:28:13-30:85
185                android:name="com.google.firebase.components:com.google.firebase.appcheck.FirebaseAppCheckRegistrar"
185-->[com.google.firebase:firebase-appcheck:17.1.1] AndroidManifest.xml:29:17-117
186                android:value="com.google.firebase.components.ComponentRegistrar" />
186-->[com.google.firebase:firebase-appcheck:17.1.1] AndroidManifest.xml:30:17-82
187            <meta-data
187-->[com.google.firebase:firebase-common-ktx:20.4.2] AndroidManifest.xml:12:13-14:85
188                android:name="com.google.firebase.components:com.google.firebase.ktx.FirebaseCommonLegacyRegistrar"
188-->[com.google.firebase:firebase-common-ktx:20.4.2] AndroidManifest.xml:13:17-116
189                android:value="com.google.firebase.components.ComponentRegistrar" />
189-->[com.google.firebase:firebase-common-ktx:20.4.2] AndroidManifest.xml:14:17-82
190            <meta-data
190-->[com.google.firebase:firebase-common:20.4.2] AndroidManifest.xml:35:13-37:85
191                android:name="com.google.firebase.components:com.google.firebase.FirebaseCommonKtxRegistrar"
191-->[com.google.firebase:firebase-common:20.4.2] AndroidManifest.xml:36:17-109
192                android:value="com.google.firebase.components.ComponentRegistrar" />
192-->[com.google.firebase:firebase-common:20.4.2] AndroidManifest.xml:37:17-82
193            <meta-data
193-->[com.google.firebase:firebase-datatransport:18.2.0] AndroidManifest.xml:25:13-27:85
194                android:name="com.google.firebase.components:com.google.firebase.datatransport.TransportRegistrar"
194-->[com.google.firebase:firebase-datatransport:18.2.0] AndroidManifest.xml:26:17-115
195                android:value="com.google.firebase.components.ComponentRegistrar" />
195-->[com.google.firebase:firebase-datatransport:18.2.0] AndroidManifest.xml:27:17-82
196        </service>
197
198        <activity
198-->[com.google.android.libraries.places:places:3.3.0] AndroidManifest.xml:15:9-21:20
199            android:name="com.google.android.libraries.places.widget.AutocompleteActivity"
199-->[com.google.android.libraries.places:places:3.3.0] AndroidManifest.xml:16:13-91
200            android:exported="false"
200-->[com.google.android.libraries.places:places:3.3.0] AndroidManifest.xml:17:13-37
201            android:label="@string/places_autocomplete_label"
201-->[com.google.android.libraries.places:places:3.3.0] AndroidManifest.xml:18:13-62
202            android:theme="@style/PlacesAutocompleteOverlay"
202-->[com.google.android.libraries.places:places:3.3.0] AndroidManifest.xml:19:13-61
203            android:windowSoftInputMode="adjustResize" >
203-->[com.google.android.libraries.places:places:3.3.0] AndroidManifest.xml:20:13-55
204        </activity>
205        <activity android:name="com.jianastrero.capiche.CapicheActivity" />
205-->[com.github.jianastrero:capiche:1.0] AndroidManifest.xml:12:9-76
205-->[com.github.jianastrero:capiche:1.0] AndroidManifest.xml:12:19-73
206
207        <provider
207-->[androidx.emoji2:emoji2:1.2.0] AndroidManifest.xml:24:9-32:20
208            android:name="androidx.startup.InitializationProvider"
208-->[androidx.emoji2:emoji2:1.2.0] AndroidManifest.xml:25:13-67
209            android:authorities="com.delivero.customer.androidx-startup"
209-->[androidx.emoji2:emoji2:1.2.0] AndroidManifest.xml:26:13-68
210            android:exported="false" >
210-->[androidx.emoji2:emoji2:1.2.0] AndroidManifest.xml:27:13-37
211            <meta-data
211-->[androidx.emoji2:emoji2:1.2.0] AndroidManifest.xml:29:13-31:52
212                android:name="androidx.emoji2.text.EmojiCompatInitializer"
212-->[androidx.emoji2:emoji2:1.2.0] AndroidManifest.xml:30:17-75
213                android:value="androidx.startup" />
213-->[androidx.emoji2:emoji2:1.2.0] AndroidManifest.xml:31:17-49
214            <meta-data
214-->[androidx.lifecycle:lifecycle-process:2.7.0] AndroidManifest.xml:29:13-31:52
215                android:name="androidx.lifecycle.ProcessLifecycleInitializer"
215-->[androidx.lifecycle:lifecycle-process:2.7.0] AndroidManifest.xml:30:17-78
216                android:value="androidx.startup" />
216-->[androidx.lifecycle:lifecycle-process:2.7.0] AndroidManifest.xml:31:17-49
217            <meta-data
217-->[androidx.profileinstaller:profileinstaller:1.3.1] AndroidManifest.xml:29:13-31:52
218                android:name="androidx.profileinstaller.ProfileInstallerInitializer"
218-->[androidx.profileinstaller:profileinstaller:1.3.1] AndroidManifest.xml:30:17-85
219                android:value="androidx.startup" />
219-->[androidx.profileinstaller:profileinstaller:1.3.1] AndroidManifest.xml:31:17-49
220        </provider>
221
222        <activity
222-->[com.google.firebase:firebase-auth:22.3.1] AndroidManifest.xml:29:9-46:20
223            android:name="com.google.firebase.auth.internal.GenericIdpActivity"
223-->[com.google.firebase:firebase-auth:22.3.1] AndroidManifest.xml:30:13-80
224            android:excludeFromRecents="true"
224-->[com.google.firebase:firebase-auth:22.3.1] AndroidManifest.xml:31:13-46
225            android:exported="true"
225-->[com.google.firebase:firebase-auth:22.3.1] AndroidManifest.xml:32:13-36
226            android:launchMode="singleTask"
226-->[com.google.firebase:firebase-auth:22.3.1] AndroidManifest.xml:33:13-44
227            android:theme="@android:style/Theme.Translucent.NoTitleBar" >
227-->[com.google.firebase:firebase-auth:22.3.1] AndroidManifest.xml:34:13-72
228            <intent-filter>
228-->[com.google.firebase:firebase-auth:22.3.1] AndroidManifest.xml:35:13-45:29
229                <action android:name="android.intent.action.VIEW" />
229-->[com.google.firebase:firebase-inappmessaging-display:20.4.0] AndroidManifest.xml:12:13-65
229-->[com.google.firebase:firebase-inappmessaging-display:20.4.0] AndroidManifest.xml:12:21-62
230
231                <category android:name="android.intent.category.DEFAULT" />
231-->[com.google.firebase:firebase-auth:22.3.1] AndroidManifest.xml:38:17-76
231-->[com.google.firebase:firebase-auth:22.3.1] AndroidManifest.xml:38:27-73
232                <category android:name="android.intent.category.BROWSABLE" />
232-->[com.google.firebase:firebase-auth:22.3.1] AndroidManifest.xml:39:17-78
232-->[com.google.firebase:firebase-auth:22.3.1] AndroidManifest.xml:39:27-75
233
234                <data